<?xml version="1.0" encoding="UTF-8"?>
<testsuite name="Password Verification" tests="3" skipped="0" failures="0" errors="0" timestamp="2025-10-11T22:54:56.362Z" hostname="STORM" time="0.045">
  <properties/>
  <testcase name="Should throw exception when user not found" classname="com.labndbnb.landbnb.unit.ServiceImpl.UserServiceImplTest$PasswordVerificationTests" time="0.008"/>
  <testcase name="Should return true when password is correct" classname="com.labndbnb.landbnb.unit.ServiceImpl.UserServiceImplTest$PasswordVerificationTests" time="0.013"/>
  <testcase name="Should return false when password is incorrect" classname="com.labndbnb.landbnb.unit.ServiceImpl.UserServiceImplTest$PasswordVerificationTests" time="0.015"/>
  <system-out><![CDATA[true
false
]]></system-out>
  <system-err><![CDATA[]]></system-err>
</testsuite>
