<?xml version="1.0" encoding="UTF-8"?>
<testsuite name="POST /api/users/change-password - Cambiar contraseña" tests="1" skipped="0" failures="0" errors="0" timestamp="2025-10-12T00:41:04.121Z" hostname="STORM" time="0.007">
  <properties/>
  <testcase name="Debe cambiar la contraseña correctamente" classname="com.labndbnb.landbnb.unit.UserControllerTest$ChangePasswordTests" time="0.007"/>
  <system-out><![CDATA[]]></system-out>
  <system-err><![CDATA[]]></system-err>
</testsuite>
