<?xml version="1.0" encoding="UTF-8"?>
<testsuite name="Delete User" tests="2" skipped="0" failures="0" errors="0" timestamp="2025-10-11T22:54:56.485Z" hostname="STORM" time="0.012">
  <properties/>
  <testcase name="Should delete user when valid ID provided" classname="com.labndbnb.landbnb.unit.ServiceImpl.UserServiceImplTest$DeleteUserTests" time="0.004"/>
  <testcase name="Should throw exception when user not found for deletion" classname="com.labndbnb.landbnb.unit.ServiceImpl.UserServiceImplTest$DeleteUserTests" time="0.007"/>
  <system-out><![CDATA[]]></system-out>
  <system-err><![CDATA[]]></system-err>
</testsuite>
