<?xml version="1.0" encoding="UTF-8"?>
<testsuite name="Delete Account" tests="2" skipped="0" failures="0" errors="0" timestamp="2025-10-11T22:54:56.296Z" hostname="STORM" time="0.026">
  <properties/>
  <testcase name="Should return error when host tries to delete account" classname="com.labndbnb.landbnb.unit.ServiceImpl.UserServiceImplTest$DeleteAccountTests" time="0.017"/>
  <testcase name="Should deactivate user account successfully" classname="com.labndbnb.landbnb.unit.ServiceImpl.UserServiceImplTest$DeleteAccountTests" time="0.008"/>
  <system-out><![CDATA[]]></system-out>
  <system-err><![CDATA[]]></system-err>
</testsuite>
