<?xml version="1.0" encoding="UTF-8"?>
<testsuite name="PUT /api/users/profile - Actualizar perfil" tests="1" skipped="0" failures="0" errors="0" timestamp="2025-10-12T00:41:04.132Z" hostname="STORM" time="0.007">
  <properties/>
  <testcase name="Debe actualizar el perfil correctamente" classname="com.labndbnb.landbnb.unit.UserControllerTest$UpdateProfileTests" time="0.007"/>
  <system-out><![CDATA[]]></system-out>
  <system-err><![CDATA[]]></system-err>
</testsuite>
