<?xml version="1.0" encoding="UTF-8"?>
<testsuite name="Become Host" tests="2" skipped="0" failures="0" errors="0" timestamp="2025-10-11T22:54:56.325Z" hostname="STORM" time="0.017">
  <properties/>
  <testcase name="Should convert user to host successfully" classname="com.labndbnb.landbnb.unit.ServiceImpl.UserServiceImplTest$BecomeHostTests" time="0.009"/>
  <testcase name="Should return info when user is already a host" classname="com.labndbnb.landbnb.unit.ServiceImpl.UserServiceImplTest$BecomeHostTests" time="0.007"/>
  <system-out><![CDATA[]]></system-out>
  <system-err><![CDATA[]]></system-err>
</testsuite>
