<?xml version="1.0" encoding="UTF-8"?>
<testsuite name="Create User" tests="2" skipped="0" failures="0" errors="0" timestamp="2025-10-11T22:54:56.520Z" hostname="STORM" time="0.017">
  <properties/>
  <testcase name="Should throw exception when email is already in use" classname="com.labndbnb.landbnb.unit.ServiceImpl.UserServiceImplTest$CreateUserTests" time="0.006"/>
  <testcase name="Should create user successfully when email is not in use" classname="com.labndbnb.landbnb.unit.ServiceImpl.UserServiceImplTest$CreateUserTests" time="0.01"/>
  <system-out><![CDATA[]]></system-out>
  <system-err><![CDATA[]]></system-err>
</testsuite>
