<?xml version="1.0" encoding="UTF-8"?>
<testsuite name="Change Password" tests="1" skipped="0" failures="0" errors="0" timestamp="2025-10-11T22:54:56.346Z" hostname="STORM" time="0.011">
  <properties/>
  <testcase name="Should return error when token is expired" classname="com.labndbnb.landbnb.unit.ServiceImpl.UserServiceImplTest$ChangePasswordTests" time="0.011"/>
  <system-out><![CDATA[]]></system-out>
  <system-err><![CDATA[]]></system-err>
</testsuite>
