<?xml version="1.0" encoding="UTF-8"?>
<testsuite name="POST /api/users/become-host - Convertirse en host" tests="1" skipped="0" failures="0" errors="0" timestamp="2025-10-12T00:41:04.109Z" hostname="STORM" time="0.007">
  <properties/>
  <testcase name="Debe convertir el usuario en host exitosamente" classname="com.labndbnb.landbnb.unit.UserControllerTest$BecomeHostTests" time="0.007"/>
  <system-out><![CDATA[]]></system-out>
  <system-err><![CDATA[]]></system-err>
</testsuite>
