<?xml version="1.0" encoding="UTF-8"?>
<testsuite name="Get User" tests="2" skipped="0" failures="0" errors="0" timestamp="2025-10-11T22:54:56.502Z" hostname="STORM" time="0.015">
  <properties/>
  <testcase name="Should throw exception when user not found" classname="com.labndbnb.landbnb.unit.ServiceImpl.UserServiceImplTest$GetUserTests" time="0.008"/>
  <testcase name="Should return user when valid ID provided" classname="com.labndbnb.landbnb.unit.ServiceImpl.UserServiceImplTest$GetUserTests" time="0.005"/>
  <system-out><![CDATA[]]></system-out>
  <system-err><![CDATA[]]></system-err>
</testsuite>
