<?xml version="1.0" encoding="UTF-8"?>
<testsuite name="Find Favorites By User ID" tests="1" skipped="0" failures="0" errors="0" timestamp="2025-10-11T22:54:53.971Z" hostname="STORM" time="2.069">
  <properties/>
  <testcase name="Should return paginated favorites for user" classname="com.labndbnb.landbnb.unit.ServiceImpl.UserServiceImplTest$FindFavoritesByUserIdTests" time="2.069"/>
  <system-out><![CDATA[]]></system-out>
  <system-err><![CDATA[]]></system-err>
</testsuite>
